<?xml version="1.0" encoding="UTF-8"?>
<testng-results ignored="0" total="1" passed="1" failed="0" skipped="0">
  <reporter-output>
  </reporter-output>
  <suite started-at="2023-07-22T16:46:20Z" name="Default suite" finished-at="2023-07-22T16:46:23Z" duration-ms="3444">
    <groups>
    </groups>
    <test started-at="2023-07-22T16:46:20Z" name="Default test" finished-at="2023-07-22T16:46:23Z" duration-ms="3444">
      <class name="prueba.NewTest">
        <test-method signature="tc01()[pri:0, instance:prueba.NewTest@5a3bc7ed]" started-at="2023-07-22T10:46:20Z" name="tc01" finished-at="2023-07-22T10:46:23Z" duration-ms="3416" status="PASS">
          <reporter-output>
          </reporter-output>
        </test-method> <!-- tc01 -->
      </class> <!-- prueba.NewTest -->
    </test> <!-- Default test -->
  </suite> <!-- Default suite -->
</testng-results>
