<?xml version="1.0" encoding="UTF-8"?>
<testng-results ignored="0" total="1" passed="1" failed="0" skipped="0">
  <reporter-output>
  </reporter-output>
  <suite started-at="2023-08-12T17:35:08Z" name="Default suite" finished-at="2023-08-12T17:35:10Z" duration-ms="1477">
    <groups>
    </groups>
    <test started-at="2023-08-12T17:35:08Z" name="Default test" finished-at="2023-08-12T17:35:10Z" duration-ms="1477">
      <class name="loginTestCases.TC_02_ErrorLock">
        <test-method is-config="true" signature="startWebDriver()[pri:0, instance:loginTestCases.TC_02_ErrorLock@ab20d7c]" started-at="2023-08-12T11:35:08Z" name="startWebDriver" finished-at="2023-08-12T11:35:09Z" duration-ms="726" status="PASS">
          <reporter-output>
          </reporter-output>
        </test-method> <!-- startWebDriver -->
        <test-method signature="TC_01()[pri:0, instance:loginTestCases.TC_02_ErrorLock@ab20d7c]" started-at="2023-08-12T11:35:09Z" name="TC_01" finished-at="2023-08-12T11:35:09Z" duration-ms="497" status="PASS">
          <reporter-output>
          </reporter-output>
        </test-method> <!-- TC_01 -->
        <test-method is-config="true" signature="closeDriver()[pri:0, instance:loginTestCases.TC_02_ErrorLock@ab20d7c]" started-at="2023-08-12T11:35:09Z" name="closeDriver" finished-at="2023-08-12T11:35:10Z" duration-ms="217" status="PASS">
          <reporter-output>
          </reporter-output>
        </test-method> <!-- closeDriver -->
      </class> <!-- loginTestCases.TC_02_ErrorLock -->
    </test> <!-- Default test -->
  </suite> <!-- Default suite -->
</testng-results>
